hlcsg v3.4-VL34-SC5.0 32-bit (Jan  3 2019)
Zoner's Half-Life Compilation Tools -- Custom build for Sven Co-op 5.0
Based on code modifications by Vluzacn (VL34)
Based on code modifications by Sean 'Zoner' Cavanaugh (3.4)
Based on Valve's version, modified with permission.
Submit detailed bug reports to http://forums.svencoop.com
-----  BEGIN  hlcsg -----
Command line: E:\Juegos\Steam\STEAMA~1\common\SVENCO~1\mapping\COMPIL~1\SC-CSG.exe "E:\Juegos\Steam\steamapps\common\Sven Co-op\My Maps\Diego_Land" 
Arguments: "E:\Juegos\Steam\steamapps\common\Sven Co-op\My Maps\Diego_Land" 
Entering E:\Juegos\Steam\steamapps\common\Sven Co-op\My Maps\Diego_Land.map

Current hlcsg Settings
Name                 |  Setting  |  Default
---------------------|-----------|-------------------------
threads               [       8 ] [  Varies ]
verbose               [     off ] [     off ]
log                   [      on ] [      on ]
reset logfile         [      on ] [      on ]
developer             [       0 ] [       0 ]
chart                 [     off ] [     off ]
estimate              [     off ] [     off ]
max texture memory    [ 67108864 ] [ 67108864 ]
max lighting memory   [ 67108864 ] [ 67108864 ]
priority              [  Normal ] [  Normal ]

noclip                [     off ] [     off ]
null texture stripping[      on ] [      on ]
clipnode economy mode [     off ] [     off ]
clip hull type        [  simple ] [  simple ]
onlyents              [     off ] [     off ]
wadtextures           [      on ] [      on ]
skyclip               [      on ] [      on ]
hullfile              [    None ] [    None ]
wad configuration file[    None ] [    None ]
wad.cfg group name    [    None ] [    None ]
nullfile              [    None ] [    None ]
min surface area      [   0.000 ] [   0.000 ]
brush union threshold [   0.000 ] [   0.000 ]
map scaling           [    None ] [    None ]
light name optimize   [      on ] [      on ]
convert game_text     [      on ] [      on ]

Using mapfile wad configuration
Wadinclude list :
[zhlt.wad]

CreateBrush:
 (0.05 seconds)
CSGBrush:
 (0.47 seconds)

added 7 additional animating textures.
Including Wadfile: \#vhlt\tools\zhlt.wad
 - Contains 1 used texture, 1.12 percent of map (19 textures in wad)
Using Wadfile: \juegos\steam\steamapps\common\half-life sdk\texture wad files\halflife.wad
 - Contains 24 used textures, 26.97 percent of map (3116 textures in wad)
Using Wadfile: \juegos\steam\steamapps\common\half-life sdk\texture wad files\decals.wad
 - Contains 0 used textures, 0.00 percent of map (222 textures in wad)
Using Wadfile: \juegos\steam\steamapps\common\half-life sdk\texture wad files\liquids.wad
 - Contains 7 used textures, 7.87 percent of map (32 textures in wad)
Using Wadfile: \juegos\steam\steamapps\common\half-life sdk\texture wad files\xeno.wad
 - Contains 0 used textures, 0.00 percent of map (264 textures in wad)
Using Wadfile: \juegos\steam\steamapps\common\half-life\black_mesa_goldsrc\nw.wad
 - Contains 56 used textures, 62.92 percent of map (1326 textures in wad)
Using Wadfile: \juegos\steam\steamapps\common\half-life\black_mesa_goldsrc\nw_xeno.wad
 - Contains 1 used texture, 1.12 percent of map (57 textures in wad)
Using Wadfile: \juegos\steam\steamapps\common\sven co-op\svencoop\materials_dl\nw.wad
 - Contains 0 used textures, 0.00 percent of map (1326 textures in wad)
Using Wadfile: \juegos\steam\steamapps\common\sven co-op\svencoop\materials_dl\nw_xeno.wad
 - Contains 0 used textures, 0.00 percent of map (57 textures in wad)

Wad files required to run the map: "halflife.wad;decals.wad;liquids.wad;xeno.wad;nw.wad;nw_xeno.wad;nw.wad;nw_xeno.wad;"
Texture usage is at 4.32 mb (of 64.00 mb MAX)
0.56 seconds elapsed

-----   END   hlcsg -----



hlbsp v3.4-VL34-SC5.0 32-bit (Jan  3 2019)
Zoner's Half-Life Compilation Tools -- Custom build for Sven Co-op 5.0
Based on code modifications by Vluzacn (VL34)
Based on code modifications by Sean 'Zoner' Cavanaugh (3.4)
Based on Valve's version, modified with permission.
Submit detailed bug reports to http://forums.svencoop.com
-----  BEGIN  hlbsp -----
Command line: E:\Juegos\Steam\STEAMA~1\common\SVENCO~1\mapping\COMPIL~1\SC-BSP.exe "E:\Juegos\Steam\steamapps\common\Sven Co-op\My Maps\Diego_Land" 
Arguments: "E:\Juegos\Steam\steamapps\common\Sven Co-op\My Maps\Diego_Land" 

Current hlbsp Settings
Name               |  Setting  |  Default
-------------------|-----------|-------------------------
threads             [       8 ] [  Varies ]
verbose             [     off ] [     off ]
log                 [      on ] [      on ]
developer           [       0 ] [       0 ]
chart               [     off ] [     off ]
estimate            [     off ] [     off ]
max texture memory  [ 67108864 ] [ 67108864 ]
priority            [  Normal ] [  Normal ]

noclip              [     off ] [     off ]
nofill              [     off ] [     off ]
noinsidefill        [     off ] [     off ]
noopt               [     off ] [     off ]
no clipnode merging [     off ] [     off ]
null tex. stripping [      on ] [      on ]
notjunc             [     off ] [     off ]
nobrink             [     off ] [     off ]
subdivide size      [     240 ] [     240 ] (Min 64) (Max 512)
max node size       [    1024 ] [    1024 ] (Min 64) (Max 65536)
remove hull 2       [     off ] [     off ]


SolidBSP [hull 0] Warning: Ambiguous leafnode content ( EMPTY and SOLID ) at (3622,11105,-1688)-(3661,11108,-1688) in hull 0 of model 0 (entity: classname "worldspawn", origin "", targetname "")
Warning: Ambiguous leafnode content ( EMPTY and SOLID ) at (3454,11105,-1688)-(3622,11108,-1688) in hull 0 of model 0 (entity: classname "worldspawn", origin "", targetname "")
500...Warning: Ambiguous leafnode content ( EMPTY and SOLID ) at (2854,11470,-1688)-(2860,11473,-1688) in hull 0 of model 0 (entity: classname "worldspawn", origin "", targetname "")
Warning: Ambiguous leafnode content ( EMPTY and SOLID ) at (2653,11470,-1688)-(2692,11473,-1688) in hull 0 of model 0 (entity: classname "worldspawn", origin "", targetname "")
Warning: Ambiguous leafnode content ( EMPTY and SOLID ) at (2692,11470,-1688)-(2854,11473,-1688) in hull 0 of model 0 (entity: classname "worldspawn", origin "", targetname "")
1000...1500...2000...2500...2994 (0.25 seconds)
BSP generation successful, writing portal file 'E:\Juegos\Steam\steamapps\common\Sven Co-op\My Maps\Diego_Land.prt'
SolidBSP [hull 1] 500...1000...1500...2000...2500...3000...3500...3589 (0.31 seconds)
SolidBSP [hull 2] 500...1000...1500...2000...2500...3000...3413 (0.28 seconds)
SolidBSP [hull 3] 500...1000...1500...2000...2500...3000...3500...3765 (0.33 seconds)
Reduced 10627 clipnodes to 9359
Reduced 315 texinfos to 306
Reduced 89 texdatas to 86 (5032 bytes to 4900)
Reduced 10540 planes to 4279
FixBrinks:
Increased 9359 clipnodes to 9371.
2.74 seconds elapsed

-----   END   hlbsp -----



hlvis v3.4-VL34-SC5.0 32-bit (Jan  3 2019)
Zoner's Half-Life Compilation Tools -- Custom build for Sven Co-op 5.0
Based on code modifications by Vluzacn (VL34)
Based on code modifications by Sean 'Zoner' Cavanaugh (3.4)
Based on Valve's version, modified with permission.
Submit detailed bug reports to http://forums.svencoop.com
-----  BEGIN  hlvis -----
Command line: E:\Juegos\Steam\STEAMA~1\common\SVENCO~1\mapping\COMPIL~1\SC-VIS.exe "E:\Juegos\Steam\steamapps\common\Sven Co-op\My Maps\Diego_Land" 
Arguments: "E:\Juegos\Steam\steamapps\common\Sven Co-op\My Maps\Diego_Land" 
2071 portalleafs
7186 numportals

-= Current hlvis Settings =-
Name               |  Setting  |  Default
-------------------|-----------|-------------------------
threads             [       8 ] [  Varies ]
verbose             [     off ] [     off ]
log                 [      on ] [      on ]
developer           [       0 ] [       0 ]
chart               [     off ] [     off ]
estimate            [     off ] [     off ]
max texture memory  [ 67108864 ] [ 67108864 ]
max vis distance    [       0 ] [       0 ]
priority            [  Normal ] [  Normal ]

fast vis            [     off ] [     off ]
full vis            [     off ] [     off ]


BasePortalVis:
 (0.75 seconds)
LeafThread:
 (31.88 seconds)
Warning: Leaf portals saw into leaf
    Problem at portal between leaves 1036 and 1039:
       (3502.810 8389.617 -1454.376)
    (3505.000 8372.332 -1460.705)
    (3505.000 8303.936 -1482.167)
    (2880.357 8148.195 -1272.996)
    (2869.765 8231.782 -1242.392)

Warning: Leaf portals saw into leaf
    Problem at portal between leaves 1320 and 1323:
       (4291.000 9988.623 -3266.000)
    (3133.749 8703.366 -3266.000)
    (3133.869 8701.394 -3260.091)
    (3293.338 8557.809 -2360.273)
    (4291.000 9665.824 -2360.273)

Warning: Leaf portals saw into leaf
    Problem at portal between leaves 1534 and 1561:
       (2443.734 5840.657 280.000)
    (2252.552 5874.369 280.000)
    (2250.593 5874.714 279.288)
    (2323.800 5861.805 119.728)
    (2379.480 5851.987 139.955)

average leafs visible: 222
g_visdatasize:169134  compressed from 536389
32.72 seconds elapsed

-----   END   hlvis -----



hlrad v3.4-VL34-SC5.0 32-bit (Jan  3 2019)
Zoner's Half-Life Compilation Tools -- Custom build for Sven Co-op 5.0
Based on code modifications by Vluzacn (VL34)
Based on code modifications by Sean 'Zoner' Cavanaugh (3.4)
Based on Valve's version, modified with permission.
Submit detailed bug reports to http://forums.svencoop.com
-----  BEGIN  hlrad -----
Command line: E:\Juegos\Steam\STEAMA~1\common\SVENCO~1\mapping\COMPIL~1\SC-RAD.exe "E:\Juegos\Steam\steamapps\common\Sven Co-op\My Maps\Diego_Land" 
Arguments: "E:\Juegos\Steam\steamapps\common\Sven Co-op\My Maps\Diego_Land" 

-= Current hlrad Settings =-
Name                | Setting             | Default
--------------------|---------------------|-------------------------
threads              [                 8 ] [            Varies ]
verbose              [               off ] [               off ]
log                  [                on ] [                on ]
developer            [                 0 ] [                 0 ]
chart                [               off ] [               off ]
estimate             [               off ] [               off ]
max texture memory   [          67108864 ] [          67108864 ]
max lighting memory  [          67108864 ] [          67108864 ]
priority             [            Normal ] [            Normal ]

fast rad             [               off ] [               off ]
vismatrix algorithm  [            Sparse ] [            Sparse ]
oversampling (-extra)[               off ] [               off ]
bounces              [                 8 ] [                 8 ]
ambient light        [ 0.000 0.000 0.000 ] [ 0.000 0.000 0.000 ]
light limit threshold[           188.000 ] [           188.000 ]
circus mode          [               off ] [               off ]

smoothing threshold  [            50.000 ] [            50.000 ]
smoothing threshold 2[         no change ] [         no change ]
direct threshold     [            10.000 ] [            10.000 ]
direct light scale   [             1.000 ] [             1.000 ]
coring threshold     [             0.010 ] [             0.010 ]
patch interpolation  [                on ] [                on ]

texscale             [                on ] [                on ]
patch subdividing    [                on ] [                on ]
chop value           [            64.000 ] [            64.000 ]
texchop value        [            32.000 ] [            32.000 ]

global fade          [             1.000 ] [             1.000 ]
global texlight gap  [             0.000 ] [             0.000 ]
global light scale   [ 2.000 2.000 2.000 ] [ 2.000 2.000 2.000 ]
global gamma         [ 0.550 0.550 0.550 ] [ 0.550 0.550 0.550 ]
global light scale   [             2.000 ] [             2.000 ]
global sky diffusion [             1.000 ] [             1.000 ]

spread angles        [                on ] [                on ]
opaque entities      [                on ] [                on ]
sky lighting fix     [                on ] [                on ]
incremental          [               off ] [               off ]
dump                 [               off ] [               off ]

colour jitter        [       0.0 0.0 0.0 ] [       0.0 0.0 0.0 ]
monochromatic jitter [       0.0 0.0 0.0 ] [       0.0 0.0 0.0 ]

custom shadows with bounce light
                     [               off ] [               off ]
rgb transfers        [               off ] [               off ]
minimum final light  [                 0 ] [                 0 ]
size of transfer     [         1 (16bit) ] [         1 (16bit) ]
size of rgbtransfer  [         2 (32bit) ] [         2 (32bit) ]
soft sky             [                on ] [                on ]
translucent depth    [             2.000 ] [             2.000 ]
block opaque         [                on ] [                on ]
ignore textures      [               off ] [               off ]
reflectivity gamma   [             1.760 ] [             1.760 ]
reflectivity scale   [             0.700 ] [             0.700 ]
blur size            [             1.500 ] [             1.500 ]
no emitter range     [               off ] [               off ]
wall bleeding fix    [                on ] [                on ]


Load Textures:
Using Wadfile: E:\Juegos\Steam\steamapps\common\Sven Co-op\My Maps\Diego_Land.wa_
86 textures referenced
Reading texlights from 'E:\Juegos\Steam\STEAMA~1\common\SVENCO~1\mapping\COMPIL~1\lights.rad'
0 opaque models
0 opaque faces
13844 faces
Create Patches : 98892 base patches
1842640 square feet [265340272.00 square inches]
142 direct lights and 0 fast direct lights
1 light styles

FindFacePositions:
 (3.09 seconds)
BuildFacelights:
 (8.46 seconds)
BuildVisLeafs:
 (31.67 seconds)
visibility matrix   :  79.7 megs
MakeScales:
 (97.56 seconds)
Transfer Lists :   202860767 :   202.86M transfers
       Indices :    61775812 :    58.91M bytes
          Data :   406016839 :   387.21M bytes
Bounce 1 GatherLight:
 (1.47 seconds)
Bounce 2 GatherLight:
 (1.49 seconds)
Bounce 3 GatherLight:
 (1.47 seconds)
Bounce 4 GatherLight:
 (1.48 seconds)
Bounce 5 GatherLight:
 (1.45 seconds)
Bounce 6 GatherLight:
 (1.47 seconds)
Bounce 7 GatherLight:
 (1.45 seconds)
Bounce 8 GatherLight:
 (1.44 seconds)
CreateTriangulations:
 (0.40 seconds)
AddPatchLights:
 (14.71 seconds)
FinalLightFace:
 (0.04 seconds)
169.84 seconds elapsed [2m 49s]

-----   END   hlrad -----



